<?xml version="1.0" encoding="UTF-8"?>
<!-- Generated by org.testng.reporters.JUnitReportReporter -->
<testsuite hostname="HIJ-LP320" failures="0" tests="1" name="com.Hemlata.test.runners.TestRunner" time="15.644" errors="0" timestamp="2024-12-13T13:28:21 IST" skipped="0">
  <testcase classname="com.Hemlata.test.runners.TestRunner" name="runScenario" time="15.644"/>
  <system-out/>
</testsuite> <!-- com.Hemlata.test.runners.TestRunner -->
